2020-01-10 13:50:45,140 [Worker-3: Loading available Gradle versions] INFO  o.e.b.c.i.u.g.PublishedGradleVersions - Gradle version information cache is up-to-date. Trying to read.
2020-01-10 13:51:08,435 [Worker-9: Update Maven projects configuration] INFO  o.e.m.c.i.p.ProjectConfigurationManager - Update started
2020-01-10 13:51:09,803 [Worker-9: Update Maven projects configuration] INFO  o.e.m.c.i.l.LifecycleMappingFactory - Using org.eclipse.m2e.jdt.JarLifecycleMapping lifecycle mapping for MavenProject: br.com.tom:rest-with-spring-boot:0.0.1-SNAPSHOT @ /Users/equipe/Documents/Test/RestWithSpringBoot/RestWithSpringBoot/rest-with-spring-boot-initializr/pom.xml.
2020-01-10 13:51:11,228 [Worker-9: Update Maven projects configuration] INFO  o.e.m.j.i.AbstractJavaProjectConfigurator - Adding source folder /rest-with-spring-boot-initializr/src/main/java
2020-01-10 13:51:11,230 [Worker-9: Update Maven projects configuration] INFO  o.e.m.j.i.AbstractJavaProjectConfigurator - Adding resource folder /rest-with-spring-boot-initializr/src/main/resources
2020-01-10 13:51:11,235 [Worker-9: Update Maven projects configuration] INFO  o.e.m.j.i.AbstractJavaProjectConfigurator - Adding resource folder /rest-with-spring-boot-initializr/src/main/resources
2020-01-10 13:51:11,244 [Worker-9: Update Maven projects configuration] INFO  o.e.m.j.i.AbstractJavaProjectConfigurator - Adding source folder /rest-with-spring-boot-initializr/src/test/java
2020-01-10 13:51:12,330 [Worker-11: Building] INFO  o.e.m.c.i.embedder.EclipseLogger - Using 'UTF-8' encoding to copy filtered resources.
2020-01-10 13:51:12,339 [Worker-11: Building] INFO  o.e.m.c.i.embedder.EclipseLogger - Copying 1 resource
2020-01-10 13:51:12,357 [Worker-11: Building] INFO  o.e.m.c.i.embedder.EclipseLogger - Copying 0 resource
2020-01-10 13:51:12,363 [Worker-11: Building] INFO  o.e.m.c.i.embedder.EclipseLogger - Using 'UTF-8' encoding to copy filtered resources.
2020-01-10 13:51:12,363 [Worker-11: Building] INFO  o.e.m.c.i.embedder.EclipseLogger - skip non existing resourceDirectory /Users/equipe/Documents/Test/RestWithSpringBoot/RestWithSpringBoot/rest-with-spring-boot-initializr/src/test/resources
2020-01-10 13:51:12,641 [Worker-9: Update Maven projects configuration] INFO  o.e.m.c.i.p.ProjectConfigurationManager - Update completed: 4 sec
2020-01-10 13:51:13,416 [Worker-4: Building] INFO  o.e.m.c.i.embedder.EclipseLogger - Using 'UTF-8' encoding to copy filtered resources.
2020-01-10 13:51:13,417 [Worker-4: Building] INFO  o.e.m.c.i.embedder.EclipseLogger - Copying 0 resource
2020-01-10 13:51:13,418 [Worker-4: Building] INFO  o.e.m.c.i.embedder.EclipseLogger - Copying 0 resource
2020-01-10 13:51:13,421 [Worker-4: Building] INFO  o.e.m.c.i.embedder.EclipseLogger - Using 'UTF-8' encoding to copy filtered resources.
2020-01-10 13:51:13,421 [Worker-4: Building] INFO  o.e.m.c.i.embedder.EclipseLogger - skip non existing resourceDirectory /Users/equipe/Documents/Test/RestWithSpringBoot/RestWithSpringBoot/rest-with-spring-boot-initializr/src/test/resources
2020-01-10 13:52:49,285 [Worker-8: Building] INFO  o.e.m.c.i.embedder.EclipseLogger - Using 'UTF-8' encoding to copy filtered resources.
2020-01-10 13:52:49,285 [Worker-8: Building] INFO  o.e.m.c.i.embedder.EclipseLogger - Copying 0 resource
2020-01-10 13:52:49,285 [Worker-8: Building] INFO  o.e.m.c.i.embedder.EclipseLogger - Copying 0 resource
2020-01-10 13:52:49,289 [Worker-8: Building] INFO  o.e.m.c.i.embedder.EclipseLogger - Using 'UTF-8' encoding to copy filtered resources.
2020-01-10 13:52:49,289 [Worker-8: Building] INFO  o.e.m.c.i.embedder.EclipseLogger - skip non existing resourceDirectory /Users/equipe/Documents/Test/RestWithSpringBoot/RestWithSpringBoot/rest-with-spring-boot-initializr/src/test/resources
2020-01-10 13:53:38,634 [Worker-10: Building] INFO  o.e.m.c.i.embedder.EclipseLogger - Using 'UTF-8' encoding to copy filtered resources.
2020-01-10 13:53:38,641 [Worker-10: Building] INFO  o.e.m.c.i.embedder.EclipseLogger - Copying 1 resource
2020-01-10 13:53:38,642 [Worker-10: Building] INFO  o.e.m.c.i.embedder.EclipseLogger - Copying 0 resource
2020-01-10 13:53:38,644 [Worker-10: Building] INFO  o.e.m.c.i.embedder.EclipseLogger - Using 'UTF-8' encoding to copy filtered resources.
2020-01-10 13:53:38,645 [Worker-10: Building] INFO  o.e.m.c.i.embedder.EclipseLogger - skip non existing resourceDirectory /Users/equipe/Documents/Test/RestWithSpringBoot/RestWithSpringBoot/rest-with-spring-boot-initializr/src/test/resources
2020-01-10 14:40:13,044 [Worker-3: Building] INFO  o.e.m.c.i.embedder.EclipseLogger - Using 'UTF-8' encoding to copy filtered resources.
2020-01-10 14:40:13,054 [Worker-3: Building] INFO  o.e.m.c.i.embedder.EclipseLogger - Copying 1 resource
2020-01-10 14:40:13,074 [Worker-3: Building] INFO  o.e.m.c.i.embedder.EclipseLogger - Copying 0 resource
2020-01-10 14:40:13,078 [Worker-3: Building] INFO  o.e.m.c.i.embedder.EclipseLogger - Using 'UTF-8' encoding to copy filtered resources.
2020-01-10 14:40:13,078 [Worker-3: Building] INFO  o.e.m.c.i.embedder.EclipseLogger - skip non existing resourceDirectory /Users/equipe/Documents/Test/RestWithSpringBoot/RestWithSpringBoot/rest-with-spring-boot-initializr/src/test/resources
